<?xml version="1.0" encoding="UTF-8" ?>
<testsuite tests="9" failures="7" name="org.GL.Idrissi.ImpUtilTest" time="0" errors="0" skipped="0">
  <properties>
[...]
</properties>
  <testcase classname="org.GL.Idrissi.ImpUtilTest" name="org.GL.Idrissi.ImpUtilTest.testProd" time="0">
    <failure message="org/junit/jupiter/api/Assertions" type="java.lang.NoClassDefFoundError">java.lang.NoClassDefFoundError: org/junit/jupiter/api/Assertions
	at org.GL.Idrissi.ImpUtilTest.testProd(ImpUtilTest.java:20)
Caused by: java.lang.ClassNotFoundException: org.junit.jupiter.api.Assertions
	at java.base/jdk.internal.loader.BuiltinClassLoader.loadClass(BuiltinClassLoader.java:602)
	at java.base/jdk.internal.loader.ClassLoaders$AppClassLoader.loadClass(ClassLoaders.java:178)
	at java.base/java.lang.ClassLoader.loadClass(ClassLoader.java:521)
	... 19 more
</failure>
  </testcase>
  <testcase classname="org.GL.Idrissi.ImpUtilTest" name="org.GL.Idrissi.ImpUtilTest.testDiv" time="0"/>
  <testcase classname="org.GL.Idrissi.ImpUtilTest" name="org.GL.Idrissi.ImpUtilTest.testAdd" time="0">
    <failure message="org/junit/jupiter/api/Assertions" type="java.lang.NoClassDefFoundError">java.lang.NoClassDefFoundError: org/junit/jupiter/api/Assertions
	at org.GL.Idrissi.ImpUtilTest.testAdd(ImpUtilTest.java:31)
</failure>
  </testcase>
  <testcase classname="org.GL.Idrissi.ImpUtilTest" name="org.GL.Idrissi.ImpUtilTest.testSoustr" time="0"/>
  <testcase classname="org.GL.Idrissi.ImpUtilTest" name="org.GL.Idrissi.ImpUtilTest.testPGCD" time="0">
    <failure message="org/junit/jupiter/api/Assertions" type="java.lang.NoClassDefFoundError">java.lang.NoClassDefFoundError: org/junit/jupiter/api/Assertions
	at org.GL.Idrissi.ImpUtilTest.testPGCD(ImpUtilTest.java:41)
</failure>
  </testcase>
  <testcase classname="org.GL.Idrissi.ImpUtilTest" name="org.GL.Idrissi.ImpUtilTest.testFact" time="0">
    <failure message="org/junit/jupiter/api/Assertions" type="java.lang.NoClassDefFoundError">java.lang.NoClassDefFoundError: org/junit/jupiter/api/Assertions
	at org.GL.Idrissi.ImpUtilTest.testFact(ImpUtilTest.java:47)
</failure>
  </testcase>
  <testcase classname="org.GL.Idrissi.ImpUtilTest" name="org.GL.Idrissi.ImpUtilTest.testBin" time="0">
    <failure message="org/junit/jupiter/api/Assertions" type="java.lang.NoClassDefFoundError">java.lang.NoClassDefFoundError: org/junit/jupiter/api/Assertions
	at org.GL.Idrissi.ImpUtilTest.testBin(ImpUtilTest.java:53)
</failure>
  </testcase>
  <testcase classname="org.GL.Idrissi.ImpUtilTest" name="org.GL.Idrissi.ImpUtilTest.test_exception" time="0">
    <failure message="org/junit/jupiter/api/function/Executable" type="java.lang.NoClassDefFoundError">java.lang.NoClassDefFoundError: org/junit/jupiter/api/function/Executable
	at org.GL.Idrissi.ImpUtilTest.test_exception(ImpUtilTest.java:59)
Caused by: java.lang.ClassNotFoundException: org.junit.jupiter.api.function.Executable
	at java.base/jdk.internal.loader.BuiltinClassLoader.loadClass(BuiltinClassLoader.java:602)
	at java.base/jdk.internal.loader.ClassLoaders$AppClassLoader.loadClass(ClassLoaders.java:178)
	at java.base/java.lang.ClassLoader.loadClass(ClassLoader.java:521)
	... 19 more
</failure>
  </testcase>
  <testcase classname="org.GL.Idrissi.ImpUtilTest" name="org.GL.Idrissi.ImpUtilTest.testEstPair" time="0">
    <failure message="org/junit/jupiter/api/Assertions" type="java.lang.NoClassDefFoundError">java.lang.NoClassDefFoundError: org/junit/jupiter/api/Assertions
	at org.GL.Idrissi.ImpUtilTest.testEstPair(ImpUtilTest.java:70)
</failure>
  </testcase>
</testsuite>